<?xml version="1.0" encoding="UTF-8"?>
<!-- Generated by org.testng.reporters.JUnitReportReporter -->
<testsuite hostname="DESKTOP-TBNQDBC" failures="0" tests="1" name="tests.BaseClass" time="0.008" errors="0" timestamp="2021-11-15T18:20:17 BDT" skipped="0">
  <testcase classname="tests.BaseClass" name="sampleTest" time="0.008"/>
  <system-out/>
</testsuite> <!-- tests.BaseClass -->
